<?xml version="1.0" encoding="UTF-8"?>
<!-- Generated by org.testng.reporters.JUnitReportReporter -->
<testsuite hostname="Anoops-MacBook-Pro.local" name="LibraryTest" tests="1" failures="0" timestamp="19 Jul 2015 03:58:32 GMT" time="0.010" errors="0">
  <testcase name="testSomeLibraryMethod" time="0.010" classname="LibraryTest"/>
</testsuite> <!-- LibraryTest -->
